<?xml version="1.0" encoding="UTF-8"?>
<testsuite xmlns:xsi="http://www.w3.org/2001/XMLSchema-instance" xsi:noNamespaceSchemaLocation="https://maven.apache.org/surefire/maven-surefire-plugin/xsd/surefire-test-report-3.0.xsd" version="3.0" name="be.unamur.info.b314.compiler.main.EMJDoneTest" time="6.641" tests="1" errors="0" skipped="0" failures="0">
  <properties>
[...]
</properties>
  <testcase name="mes_test" classname="be.unamur.info.b314.compiler.main.EMJDoneTest" time="0.319">
    <system-out><![CDATA[08:06:32.800 [main] INFO  - Starting test: mes_test()...
>> Entering visitIntExpr: ([🐢]+[🎯])
>> Entering visitIntExpr: [🐢]+[🎯]
>> Entering visitIntExpr: [🐢]
>>> Entering visitLeftExp for ID: [🐢], Scope: [🥣]
✅ Symbol found: type=int, value=null
>> Entering visitIntExpr: [🎯]
>>> Entering visitLeftExp for ID: [🎯], Scope: [🥣]
✅ Symbol found: type=int, value=null
[FUNC DECL] [🥣] is supposed to return: int / actually returns: int
--- visitInstruction ---
>> Entering visitIntExpr: 2
✅ Fichier Python créé avec succès : output.py
### Code MicroPython généré :
from time import sleep
import music

# Import carte : "test.map"
def main():
    for i in range(2):
        cuteBot.motors(40, 40)
        basic.pause(460)
        cuteBot.motors(0, 0)
        basic.pause(500)

def bowl_with_spoon(turtle, direct_hit):
    return (turtle + direct_hit)


main()

]]></system-out>
  </testcase>
</testsuite>